{
  "html": "<p>音乐节是安排在6月14日到16日，正值中国的端午节。据说端午节是中国的传统节日，是为了纪念几千年前某个跳河的怪人以及民族的龙图腾而设，大家在这一天都要吃粽子或赛龙舟。为了纪念某些东西大家出来折腾一番的事我经常碰到，比如我们岩土界就有在每次国际会议开始的前几天用头撞点东西的习俗，因为据说现代岩土的创始人太沙基老先生当时就是不断撞头后创立了土力学的。可供撞头的东西很多，坐在电脑前就把电脑撞两下，走路时就摇头晃脑撞下空气，回家躺老婆身边时就不断撞老婆胸部，不过最后这件事要相当小心，因为前两天刚有报道说有一个年轻小伙差点在拥有不列颠第二大胸器的女朋友怀里窒息而死。总之，大家都会分秒必争地在会议前多撞下头，以期在正式会议时得以与大师一块交流撞头心得。在正式会议开始前，大家还要集体撞所在的桌子一分钟，虽然跟默哀一样的规模，但是声势要浩大得多，嘭嘭嘭的，跟我们新生军训时走正步有一模一样。但因为我实在不理解撞头跟土力学理论之间的关系，所以我觉得他们的撞头跟鸭子走路一样很搞笑，这也说明我为什么成为不了一个出色的岩土专家。撞头还有一个明显的副产品。一般来说，撞头刚开始时头上都会鼓起几个包，但当撞熟练以后，这个包反而会陷进去，撞得技巧越熟练时间越久，前额就越凹陷，所以看到头上有包的，一般就是刚进入岩土界的新手，你大可放心地在其面前倚老卖老；如果前额凹陷得很厉害的，那很可能就是大师了。我见过最厉害的是把正方形的头撞成往后倾斜超过75度的菱形，因此他往正前方看时就是往斜上看，我每次跟他说话都得弓起腰才能他对视，麻烦得很。在岩土美学里面，这是世界上最漂亮的头颅。当然，在岩土外界的你们就不能理解了，这也是正常的，就像我们不理解你们一样。我小时候得过一种莫名其妙的病，只要在我身上稍微施加点力，我那部分的肌肉和骨头就会膨胀起来，换句话说，虽然地面给我施加的是压力，但因为这莫名其妙的病，我体内却产生了拉力，不断拉着我的骨骼，所以我的个子一直在长。不过我自己发明了一种可以摆脱重力的移动方式，这个涉及发明私密，在这边就不透露了。讲这个是想解释下为什么我这么一个“入色”的岩土工程师会有机会与世上最厉害的岩土专家聊天，事实上他对我的这个发明崇拜不已。事实上事实上，我也因为这个发明对我自己崇拜不已。很自然地，你也可以推想某天我被一些人给忽悠了也去撞头了，这事麻烦之处在于，我这头不撞还好，可以冒充一下中级岩土工程师，但一撞就立马肿起来，而我如前所述却不能再撞让其凹进去。这可害苦我了，要知道虽然我刚进岩土界没多久，前面还有好几年的博士让我去读，但将来发paper找工作评职称他们都是看前额凹陷的程度来录取的，没有这些我就吃不饱饭住不起房养不起老婆孩子，很可能不由自主地就成为社会的不和谐分子，一想起这个我就愁眉苦脸的。要理解我的发明还没有克服心理压力这个功能，所以我的内脏其实一直在膨胀。除非让我退出岩土界，否则哪天我非爆炸不可，这可真让人伤心。说这些都是为了补充端午节本来是用来正经折腾的但有些摇滚青节却拿其用来开音乐节这件事。据说寒碜国把端午节拿去申报了非物质文化遗产，这说明传统节日最好还是要点加密解密的东西，简单的就行，比方说，加点专业术语，而且是翻译不了的，就像中英古诗是不能互译的。音乐节这件事说明了某些人已经放弃了对此节日的保护，这可枉费了政府的一番好心。不过也有可能他们是在以另一种方式在对端午进行加密，这得问他们才知道。还有就是，政府官员们在这天是如何保护的，也得问他们才知道。我是个岩土工程师，我没空管这些，我管了我也不清楚。而且，若是有别的业界想要来抢岩土界的这个撞头习俗，我还真欢迎他来抢，因为这样我就不用担心我那难看的凸头了，我的内脏也不会膨胀了，我也可以继续呆在岩土界而不用担心爆炸了。我天天都在做着这个美梦。但这件事我不能明着说，因为我得维护岩土工程师这个身份。有了身份就是麻烦。</p>",
  "content": "音乐节是安排在6月14日到16日，正值中国的端午节。据说端午节是中国的传统节日，是为了纪念几千年前某个跳河的怪人以及民族的龙图腾而设，大家在这一天都要吃粽子或赛龙舟。为了纪念某些东西大家出来折腾一番的事我经常碰到，比如我们岩土界就有在每次国际会议开始的前几天用头撞点东西的习俗，因为据说现代岩土的创始人太沙基老先生当时就是不断撞头后创立了土力学的。可供撞头的东西很多，坐在电脑前就把电脑撞两下，走路时就摇头晃脑撞下空气，回家躺老婆身边时就不断撞老婆胸部，不过最后这件事要相当小心，因为前两天刚有报道说有一个年轻小伙差点在拥有不列颠第二大胸器的女朋友怀里窒息而死。总之，大家都会分秒必争地在会议前多撞下头，以期在正式会议时得以与大师一块交流撞头心得。在正式会议开始前，大家还要集体撞所在的桌子一分钟，虽然跟默哀一样的规模，但是声势要浩大得多，嘭嘭嘭的，跟我们新生军训时走正步有一模一样。但因为我实在不理解撞头跟土力学理论之间的关系，所以我觉得他们的撞头跟鸭子走路一样很搞笑，这也说明我为什么成为不了一个出色的岩土专家。撞头还有一个明显的副产品。一般来说，撞头刚开始时头上都会鼓起几个包，但当撞熟练以后，这个包反而会陷进去，撞得技巧越熟练时间越久，前额就越凹陷，所以看到头上有包的，一般就是刚进入岩土界的新手，你大可放心地在其面前倚老卖老；如果前额凹陷得很厉害的，那很可能就是大师了。我见过最厉害的是把正方形的头撞成往后倾斜超过75度的菱形，因此他往正前方看时就是往斜上看，我每次跟他说话都得弓起腰才能他对视，麻烦得很。在岩土美学里面，这是世界上最漂亮的头颅。当然，在岩土外界的你们就不能理解了，这也是正常的，就像我们不理解你们一样。我小时候得过一种莫名其妙的病，只要在我身上稍微施加点力，我那部分的肌肉和骨头就会膨胀起来，换句话说，虽然地面给我施加的是压力，但因为这莫名其妙的病，我体内却产生了拉力，不断拉着我的骨骼，所以我的个子一直在长。不过我自己发明了一种可以摆脱重力的移动方式，这个涉及发明私密，在这边就不透露了。讲这个是想解释下为什么我这么一个“入色”的岩土工程师会有机会与世上最厉害的岩土专家聊天，事实上他对我的这个发明崇拜不已。事实上事实上，我也因为这个发明对我自己崇拜不已。很自然地，你也可以推想某天我被一些人给忽悠了也去撞头了，这事麻烦之处在于，我这头不撞还好，可以冒充一下中级岩土工程师，但一撞就立马肿起来，而我如前所述却不能再撞让其凹进去。这可害苦我了，要知道虽然我刚进岩土界没多久，前面还有好几年的博士让我去读，但将来发paper找工作评职称他们都是看前额凹陷的程度来录取的，没有这些我就吃不饱饭住不起房养不起老婆孩子，很可能不由自主地就成为社会的不和谐分子，一想起这个我就愁眉苦脸的。要理解我的发明还没有克服心理压力这个功能，所以我的内脏其实一直在膨胀。除非让我退出岩土界，否则哪天我非爆炸不可，这可真让人伤心。说这些都是为了补充端午节本来是用来正经折腾的但有些摇滚青节却拿其用来开音乐节这件事。据说寒碜国把端午节拿去申报了非物质文化遗产，这说明传统节日最好还是要点加密解密的东西，简单的就行，比方说，加点专业术语，而且是翻译不了的，就像中英古诗是不能互译的。音乐节这件事说明了某些人已经放弃了对此节日的保护，这可枉费了政府的一番好心。不过也有可能他们是在以另一种方式在对端午进行加密，这得问他们才知道。还有就是，政府官员们在这天是如何保护的，也得问他们才知道。我是个岩土工程师，我没空管这些，我管了我也不清楚。而且，若是有别的业界想要来抢岩土界的这个撞头习俗，我还真欢迎他来抢，因为这样我就不用担心我那难看的凸头了，我的内脏也不会膨胀了，我也可以继续呆在岩土界而不用担心爆炸了。我天天都在做着这个美梦。但这件事我不能明着说，因为我得维护岩土工程师这个身份。有了身份就是麻烦。",
  "headings": [

  ],
  "custom_ranking": {
    "position": 1,
    "heading": 100
  },
  "hidden": true,
  "title": "海峡音乐节",
  "category": "BlahBulah",
  "note": "此文为以前未写完的胡说八道，忘了当时想说啥，可能是想讽刺某个圈子，但明显太罗嗦了。时间大概在2012。 ——2020.05.16",
  "tags": [

  ],
  "categories": [
    "BlahBulah"
  ],
  "date": 1589667600,
  "slug": "strait-music-festival",
  "type": "post",
  "url": "/2020/05/16/strait-music-festival.html"
}